############### Iteration 14 ###############
Single-particle energies, ordering may have changed
lambda=  9.53589429642e-11
   0  -11.2301
   1  -11.2301
   2  -6.1706
   3  -6.1706
   4  13.5832
   5  13.5832
   6  13.5832
   7  13.5832
   8  19.6938
   9  19.6938
  10  19.9106
  11  19.9106
  12  19.9106
  13  19.9106
  14  24.2478
  15  24.2478
  16  28.7993
  17  28.7993
  18  28.7993
  19  28.7993
  20  35.2809
  21  35.2809
  22  36.2095
  23  36.2095
  24  36.4863
  25  36.4863
  26  36.4863
  27  36.4863
  28  36.4863
  29  36.4863
  30  36.8956
  31  36.8956
  32  36.8956
  33  36.8956
  34  38.7993
  35  38.7993
  36  39.9257
  37  39.9257
  38  39.9257
  39  39.9257


corrected indexing
############### Iteration 15 ###############
Single-particle energies, ordering may have changed
lambda=  6.62476948299e-11
   0  0.3103
   1  0.3103
   2  14.7087
   3  14.7087
   4  14.7087
   5  14.7087
   6  16.8295
   7  16.8295
   8  28.8507
   9  28.8507
  10  28.8507
  11  28.8507
  12  28.8507
  13  28.8507
  14  29.2470
  15  29.2470
  16  31.1498
  17  31.1498
  18  31.1498
  19  31.1498
  20  40.4725
  21  40.4725
  22  40.4725
  23  40.4725
  24  41.0449
  25  41.0449
  26  41.0449
  27  41.0449
  28  41.0449
  29  41.0449
  30  41.0449
  31  41.0449
  32  41.0620
  33  41.0620
  34  43.0467
  35  43.0467
  36  43.0467
  37  43.0467
  38  43.0467
  39  43.0467


anti-symmetrized
############### Iteration 16 ###############
Single-particle energies, ordering may have changed
lambda=  6.55104859248e-11
   0  -18.5136
   1  -18.5136
   2  1.5706
   3  1.5706
   4  1.5706
   5  1.5706
   6  7.1960
   7  7.1960
   8  22.5123
   9  22.5123
  10  22.5123
  11  22.5123
  12  22.5123
  13  22.5123
  14  24.2719
  15  24.2719
  16  27.7574
  17  27.7574
  18  27.7574
  19  27.7574
  20  36.9189
  21  36.9189
  22  36.9189
  23  36.9189
  24  37.2630
  25  37.2630
  26  37.2630
  27  37.2630
  28  37.2630
  29  37.2630
  30  37.2630
  31  37.2630
  32  38.0082
  33  38.0082
  34  41.5403
  35  41.5403
  36  41.5403
  37  41.5403
  38  41.5403
  39  41.5403

