############### Iteration 16 ###############
Single-particle energies, ordering may have changed
------ nu 0 s 1/2 ------
   0  -40.6426
   1  -40.6426
------ pi 0 s 1/2 ------
   2  -40.4602
   3  -40.4602
------ nu 0 p 3/2 ------
   4  -11.7201
   5  -11.7201
   6  -11.7201
   7  -11.7201
------ pi 0 p 3/2 ------
   8  -11.5886
   9  -11.5886
  10  -11.5886
  11  -11.5886
------ nu 0 p 1/2 ------
  12  -6.8403
  13  -6.8403
------ pi 0 p 1/2 ------
  14  -6.7133
  15  -6.7133
------ nu 0 d 5/2 ------
  16  18.7589
  17  18.7589
  18  18.7589
  19  18.7589
  20  18.7589
  21  18.7589
------ pi 0 d 5/2 ------
  22  18.8082
  23  18.8082
  24  18.8082
  25  18.8082
  26  18.8082
  27  18.8082
------ nu 1 s 1/2 ------
  28  21.0247
  29  21.0247
------ pi 1 s 1/2 ------
  30  21.0654
  31  21.0654
------ nu 0 d 3/2 ------
  32  22.9153
  33  22.9153
  34  22.9153
  35  22.9153
------ pi 0 d 3/2 ------
  36  22.9622
  37  22.9622
  38  22.9622
  39  22.9622
------ nu 1 p 3/2 ------
  40  35.1345
  41  35.1345
  42  35.1345
  43  35.1345
------ pi 1 p 3/2 ------
  44  35.1584
  45  35.1584
  46  35.1584
  47  35.1584
------ nu 1 p 1/2 ------
  48  35.8526
  49  35.8526
------ nu 1 p 1/2 ------
  50  35.8771
  51  35.8771
------ nu 0 f 7/2 ------
  52  36.0339
  53  36.0339
  54  36.0339
  55  36.0339
  56  36.0339
  57  36.0339
  58  36.0339
  59  36.0339
------ pi 0 f 7/2 ------
  60  36.0596
  61  36.0596
  62  36.0596
  63  36.0596
  64  36.0596
  65  36.0596
  66  36.0596
  67  36.0596
------ nu 0 f 5/2 ------
  68  39.2825
  69  39.2825
  70  39.2825
  71  39.2825
  72  39.2825
  73  39.2825
------ pi 0 f 5/2 ------
  74  39.3067
  75  39.3067
  76  39.3067
  77  39.3067
  78  39.3067
  79  39.3067

