   0  15.0000
   1  15.0000
   2  25.0000
   3  25.0000
   4  25.0000
   5  25.0000
   6  25.0000
   7  25.0000
   8  35.0000
   9  35.0000
  10  35.0000
  11  35.0000
  12  35.0000
  13  35.0000
  14  35.0000
  15  35.0000
  16  35.0000
  17  35.0000
  18  35.0000
  19  35.0000
  20  45.0000
  21  45.0000
  22  45.0000
  23  45.0000
  24  45.0000
  25  45.0000
  26  45.0000
  27  45.0000
  28  45.0000
  29  45.0000
  30  45.0000
  31  45.0000
  32  45.0000
  33  45.0000
  34  45.0000
  35  45.0000
  36  45.0000
  37  45.0000
  38  45.0000
  39  45.0000

